This is pdfTeX, Version 3.14159265-2.6-1.40.17 (TeX Live 2016) (preloaded format=pdflatex 2016.11.3)  18 NOV 2019 12:33
entering extended mode
 restricted \write18 enabled.
 file:line:error style messages enabled.
 %&-line parsing enabled.
**/Users/SilvinW/repositories/JASA_Tromba/JASA_LaTexPackage/JASAtemplate.tex
(/Users/SilvinW/repositories/JASA_Tromba/JASA_LaTexPackage/JASAtemplate.tex
LaTeX2e <2016/03/31>
Babel <3.9r> and hyphenation patterns for 83 language(s) loaded.
(/Users/SilvinW/repositories/JASA_Tromba/JASA_LaTexPackage/JASAnew.cls
Document Class: JASAnew 2017/03/27 Version 1, markup document class
Class JASAnew Info: 
 Written by Amy Hendrickson, amyh@texnology.com, http://www.texnology.com 
 
  on input line 90.
(/usr/local/texlive/2016/texmf-dist/tex/latex/revtex/revtex4-1.cls
Document Class: revtex4-1 2010/07/25/20:33:00 4.1r (http://publish.aps.org/revtex4/ for documentation)
 Copyright (c) 2009 The American Physical Society.
 mailto:revtex@aps.org
 Licensed under the LPPL:
http://www.ctan.org/tex-archive/macros/latex/base/lppl.txt
 Arthur Ogawa <arthur_ogawa at sbcglobal dot net>
 Based on work by David Carlisle <david at dcarlisle.demon.co.uk>.
ltxutil[2010/07/25/20:33:00 4.1r utilities package (portions licensed from W. E. Baxter web at superscript.com)]
LaTeX Info: Redefining \@centercr on input line 308.
Class revtex4-1 Info: Repairing broken LaTeX eqnarray on input line 358.
\eqncolsep=\skip41
Class revtex4-1 Info: Repairing hyperref-unfriendly LaTeX definition of \mpfootnote on input line 433.
Class revtex4-1 Info: Repairing broken LateX \@sect on input line 755.
\intertabularlinepenalty=\count79
\@tbpen=\count80
\@arstrutbox@hline=\box26
Class revtex4-1 Info: Repairing broken LaTeX \@xbitor on input line 1786.
Class revtex4-1 Info: Making \typeout \long on input line 2046.
ltxfront[2010/07/25/20:33:00 4.1r frontmatter package (AO,DPC)]
\c@affil=\count81
\c@collab=\count82
\absbox=\box27
ltxgrid[2010/07/25/20:33:00 4.1r page grid package (portions licensed from W. E. Baxter web at superscript.com)]
\c@linecount=\count83
\output@latex=\toks14
\box@size@1=\box28
\box@size@2=\box29
\@protection@box=\box30
\@topmark@saved=\toks15
\footins@saved=\box31
\footins@recovered=\box32
\column@recovered=\box33
\pagesofar=\box34
\footsofar=\box35
\pagegrid@col=\count84
Class revtex4-1 Info: Overriding \@vspace, \@vspacer, \@no@pgbk, \@newline, and \\  on input line 5578.
\c@part=\count85
\c@section=\count86
\c@subsection=\count87
\c@subsubsection=\count88
\c@paragraph=\count89
\c@subparagraph=\count90
\abovecaptionskip=\skip42
\belowcaptionskip=\skip43
\c@figure=\count91
\fbox@1=\box36
\c@table=\count92
\fbox@2=\box37
\c@video=\count93
\fbox@4=\box38
\@bibdataout=\write3
\widetext@top=\box39
\widetext@bot=\box40
Class revtex4-1 Info: Selecting society aip on input line 7542.
(/usr/local/texlive/2016/texmf-dist/tex/latex/revtex/aip4-1.rtx
File: aip4-1.rtx 2010/07/25 4.1r AIP substyle for REVTeX
Class revtex4-1 Info: RevTeX society AIP selected on input line 67.
)

Class revtex4-1 Warning: No journal specified, using default cha.

Using journal substyle cha.
Class revtex4-1 Info: Reading file aps10pt4-1.rtx on input line 7547.
(/usr/local/texlive/2016/texmf-dist/tex/latex/revtex/aps10pt4-1.rtx
File: aps10pt4-1 2010/07/25/20:33:00 4.1r (http://publish.aps.org/revtex4/ for documentation)
Class revtex4-1 Info: RevTeX pointsize 10pt selected on input line 30.
)
Class revtex4-1 Info: Overriding 10pt on input line 7547.
 (/usr/local/texlive/2016/texmf-dist/tex/latex/textcase/textcase.sty
Package: textcase 2004/10/07 v0.07 Text only upper/lower case changing (DPC)
) (/usr/local/texlive/2016/texmf-dist/tex/latex/amsfonts/amssymb.sty
Package: amssymb 2013/01/14 v3.01 AMS font symbols
 (/usr/local/texlive/2016/texmf-dist/tex/latex/amsfonts/amsfonts.sty
Package: amsfonts 2013/01/14 v3.01 Basic AMSFonts support
\@emptytoks=\toks16
\symAMSa=\mathgroup4
\symAMSb=\mathgroup5
LaTeX Font Info:    Overwriting math alphabet `\mathfrak' in version `bold'
(Font)                  U/euf/m/n --> U/euf/b/n on input line 106.
)) (/usr/local/texlive/2016/texmf-dist/tex/latex/amsmath/amsmath.sty
Package: amsmath 2016/03/10 v2.15b AMS math features
\@mathmargin=\skip44

For additional information on amsmath, use the `?' option.
(/usr/local/texlive/2016/texmf-dist/tex/latex/amsmath/amstext.sty
Package: amstext 2000/06/29 v2.01 AMS text
 (/usr/local/texlive/2016/texmf-dist/tex/latex/amsmath/amsgen.sty
File: amsgen.sty 1999/11/30 v2.0 generic functions
\@emptytoks=\toks17
\ex@=\dimen102
)
LaTeX Info: Redefining \text on input line 28.
) (/usr/local/texlive/2016/texmf-dist/tex/latex/amsmath/amsbsy.sty
Package: amsbsy 1999/11/29 v1.2d Bold Symbols
\pmbraise@=\dimen103
) (/usr/local/texlive/2016/texmf-dist/tex/latex/amsmath/amsopn.sty
Package: amsopn 2016/03/08 v2.02 operator names
)
\inf@bad=\count94
LaTeX Info: Redefining \frac on input line 199.
\uproot@=\count95
\leftroot@=\count96
LaTeX Info: Redefining \overline on input line 297.
\classnum@=\count97
\DOTSCASE@=\count98
LaTeX Info: Redefining \ldots on input line 394.
LaTeX Info: Redefining \dots on input line 397.
LaTeX Info: Redefining \cdots on input line 518.
\Mathstrutbox@=\box41
\strutbox@=\box42
\big@size=\dimen104
LaTeX Font Info:    Redeclaring font encoding OML on input line 634.
LaTeX Font Info:    Redeclaring font encoding OMS on input line 635.
\macc@depth=\count99
\c@MaxMatrixCols=\count100
\dotsspace@=\muskip10
\c@parentequation=\count101
\dspbrk@lvl=\count102
\tag@help=\toks18
\row@=\count103
\column@=\count104
\maxfields@=\count105
\andhelp@=\toks19
\eqnshift@=\dimen105
\alignsep@=\dimen106
\tagshift@=\dimen107
\tagwidth@=\dimen108
\totwidth@=\dimen109
\lineht@=\dimen110
\@envbody=\toks20
\multlinegap=\skip45
\multlinetaggap=\skip46
\mathdisplay@stack=\toks21
LaTeX Info: Redefining \[ on input line 2739.
LaTeX Info: Redefining \] on input line 2740.
) (/usr/local/texlive/2016/texmf-dist/tex/latex/url/url.sty
\Urlmuskip=\muskip11
Package: url 2013/09/16  ver 3.4  Verb mode for urls, etc.
) (/usr/local/texlive/2016/texmf-dist/tex/latex/natbib/natbib.sty
Package: natbib 2010/09/13 8.31b (PWD, AO)
\bibhang=\skip47
\bibsep=\skip48
LaTeX Info: Redefining \cite on input line 694.
\c@NAT@ctr=\count106
)
Class revtex4-1 Info: Repairing natbib's \BibitemShut on input line 7549.
 (/usr/local/texlive/2016/texmf-dist/tex/latex/revtex/revsymb4-1.sty
Package: revsymb4-1 2010/07/25/20:33:00 4.1r (http://publish.aps.org/revtex4/ for documentation)
LaTeX Info: Redefining \frak on input line 95.
LaTeX Info: Redefining \Bbb on input line 111.
LaTeX Info: Redefining \REV@mathfrak on input line 119.
)) (/usr/local/texlive/2016/texmf-dist/tex/latex/graphics/graphicx.sty
Package: graphicx 2014/10/28 v1.0g Enhanced LaTeX Graphics (DPC,SPQR)
 (/usr/local/texlive/2016/texmf-dist/tex/latex/graphics/keyval.sty
Package: keyval 2014/10/28 v1.15 key=value parser (DPC)
\KV@toks@=\toks22
) (/usr/local/texlive/2016/texmf-dist/tex/latex/graphics/graphics.sty
Package: graphics 2016/05/09 v1.0r Standard LaTeX Graphics (DPC,SPQR)
 (/usr/local/texlive/2016/texmf-dist/tex/latex/graphics/trig.sty
Package: trig 2016/01/03 v1.10 sin cos tan (DPC)
) (/usr/local/texlive/2016/texmf-dist/tex/latex/graphics-cfg/graphics.cfg
File: graphics.cfg 2016/01/02 v1.10 sample graphics configuration
)
Package graphics Info: Driver file: pdftex.def on input line 96.
 (/usr/local/texlive/2016/texmf-dist/tex/latex/pdftex-def/pdftex.def
File: pdftex.def 2011/05/27 v0.06d Graphics/color for pdfTeX
 (/usr/local/texlive/2016/texmf-dist/tex/generic/oberdiek/infwarerr.sty
Package: infwarerr 2016/05/16 v1.4 Providing info/warning/error messages (HO)
) (/usr/local/texlive/2016/texmf-dist/tex/generic/oberdiek/ltxcmds.sty
Package: ltxcmds 2016/05/16 v1.23 LaTeX kernel commands for general use (HO)
)
\Gread@gobject=\count107
))
\Gin@req@height=\dimen111
\Gin@req@width=\dimen112
) (/usr/local/texlive/2016/texmf-dist/tex/latex/tools/dcolumn.sty
Package: dcolumn 2014/10/28 v1.06 decimal alignment package (DPC)
 (/usr/local/texlive/2016/texmf-dist/tex/latex/tools/array.sty
Package: array 2014/10/28 v2.4c Tabular extension package (FMi)
\col@sep=\dimen113
\extrarowheight=\dimen114
\NC@list=\toks23
\extratabsurround=\skip49
\backup@length=\skip50
)) (/usr/local/texlive/2016/texmf-dist/tex/latex/tools/bm.sty
Package: bm 2016/02/27 v1.2a Bold Symbol Support (DPC/FMi)
\symboldoperators=\mathgroup6
\symboldletters=\mathgroup7
\symboldsymbols=\mathgroup8
LaTeX Font Info:    Redeclaring math alphabet \mathbf on input line 142.
LaTeX Info: Redefining \bm on input line 208.
) (/usr/local/texlive/2016/texmf-dist/tex/latex/base/latexsym.sty
Package: latexsym 1998/08/17 v2.2e Standard LaTeX package (lasy symbols)
\symlasy=\mathgroup9
LaTeX Font Info:    Overwriting symbol font `lasy' in version `bold'
(Font)                  U/lasy/m/n --> U/lasy/b/n on input line 52.
) (/usr/local/texlive/2016/texmf-dist/tex/latex/lineno/lineno.sty
Package: lineno 2005/11/02 line numbers on paragraphs v4.41
\linenopenalty=\count108
\output=\toks24
\linenoprevgraf=\count109
\linenumbersep=\dimen115
\linenumberwidth=\dimen116
\c@linenumber=\count110
\c@pagewiselinenumber=\count111
\c@LN@truepage=\count112
\c@internallinenumber=\count113
\c@internallinenumbers=\count114
\quotelinenumbersep=\dimen117
\bframerule=\dimen118
\bframesep=\dimen119
\bframebox=\box43
LaTeX Info: Redefining \\ on input line 3056.
) (/usr/local/texlive/2016/texmf-dist/tex/latex/adjustbox/adjustbox.sty
Package: adjustbox 2012/05/21 v1.0 Adjusting TeX boxes (trim, clip, ...)
 (/usr/local/texlive/2016/texmf-dist/tex/latex/xkeyval/xkeyval.sty
Package: xkeyval 2014/12/03 v2.7a package option processing (HA)
 (/usr/local/texlive/2016/texmf-dist/tex/generic/xkeyval/xkeyval.tex (/usr/local/texlive/2016/texmf-dist/tex/generic/xkeyval/xkvutils.tex
\XKV@toks=\toks25
\XKV@tempa@toks=\toks26
)
\XKV@depth=\count115
File: xkeyval.tex 2014/12/03 v2.7a key=value parser (HA)
)) (/usr/local/texlive/2016/texmf-dist/tex/latex/adjustbox/adjcalc.sty
Package: adjcalc 2012/05/16 v1.1 Provides advanced setlength with multiple back-ends (calc, etex, pgfmath)
) (/usr/local/texlive/2016/texmf-dist/tex/latex/adjustbox/trimclip.sty
Package: trimclip 2012/05/16 v1.0 Trim and clip general TeX material
 (/usr/local/texlive/2016/texmf-dist/tex/latex/collectbox/collectbox.sty
Package: collectbox 2012/05/17 v0.4b Collect macro arguments as boxes
\collectedbox=\box44
)
\tc@llx=\dimen120
\tc@lly=\dimen121
\tc@urx=\dimen122
\tc@ury=\dimen123
Package trimclip Info: Using driver 'tc-pdftex.def'.
 (/usr/local/texlive/2016/texmf-dist/tex/latex/adjustbox/tc-pdftex.def
File: tc-pdftex.def 2012/05/13 v1.0 Clipping driver for pdftex
))
\adjbox@Width=\dimen124
\adjbox@Height=\dimen125
\adjbox@Depth=\dimen126
\adjbox@Totalheight=\dimen127
 (/usr/local/texlive/2016/texmf-dist/tex/latex/ifoddpage/ifoddpage.sty
Package: ifoddpage 2016/04/23 v1.1 Conditionals for odd/even page detection
\c@checkoddpage=\count116
) (/usr/local/texlive/2016/texmf-dist/tex/latex/varwidth/varwidth.sty
Package: varwidth 2009/03/30 ver 0.92;  Variable-width minipages
\@vwid@box=\box45
\sift@deathcycles=\count117
\@vwid@loff=\dimen128
\@vwid@roff=\dimen129
)) (/usr/local/texlive/2016/texmf-dist/tex/generic/ulem/ulem.sty
\UL@box=\box46
\UL@hyphenbox=\box47
\UL@skip=\skip51
\UL@hook=\toks27
\UL@height=\dimen130
\UL@pe=\count118
\UL@pixel=\dimen131
\ULC@box=\box48
Package: ulem 2012/05/18
\ULdepth=\dimen132
) (/usr/local/texlive/2016/texmf-dist/tex/latex/xcolor/xcolor.sty
Package: xcolor 2016/05/11 v2.12 LaTeX color extensions (UK)
 (/usr/local/texlive/2016/texmf-dist/tex/latex/graphics-cfg/color.cfg
File: color.cfg 2016/01/02 v1.6 sample color configuration
)
Package xcolor Info: Driver file: pdftex.def on input line 225.
Package xcolor Info: Model `cmy' substituted by `cmy0' on input line 1348.
Package xcolor Info: Model `hsb' substituted by `rgb' on input line 1352.
Package xcolor Info: Model `RGB' extended on input line 1364.
Package xcolor Info: Model `HTML' substituted by `rgb' on input line 1366.
Package xcolor Info: Model `Hsb' substituted by `hsb' on input line 1367.
Package xcolor Info: Model `tHsb' substituted by `hsb' on input line 1368.
Package xcolor Info: Model `HSB' substituted by `hsb' on input line 1369.
Package xcolor Info: Model `Gray' substituted by `gray' on input line 1370.
Package xcolor Info: Model `wave' substituted by `hsb' on input line 1371.
) (/usr/local/texlive/2016/texmf-dist/tex/latex/hyperref/hyperref.sty
Package: hyperref 2016/05/05 v6.83n Hypertext links for LaTeX
 (/usr/local/texlive/2016/texmf-dist/tex/generic/oberdiek/hobsub-hyperref.sty
Package: hobsub-hyperref 2016/05/16 v1.14 Bundle oberdiek, subset hyperref (HO)
 (/usr/local/texlive/2016/texmf-dist/tex/generic/oberdiek/hobsub-generic.sty
Package: hobsub-generic 2016/05/16 v1.14 Bundle oberdiek, subset generic (HO)
Package: hobsub 2016/05/16 v1.14 Construct package bundles (HO)
Package hobsub Info: Skipping package `infwarerr' (already loaded).
Package hobsub Info: Skipping package `ltxcmds' (already loaded).
Package: ifluatex 2016/05/16 v1.4 Provides the ifluatex switch (HO)
Package ifluatex Info: LuaTeX not detected.
Package: ifvtex 2016/05/16 v1.6 Detect VTeX and its facilities (HO)
Package ifvtex Info: VTeX not detected.
Package: intcalc 2016/05/16 v1.2 Expandable calculations with integers (HO)
Package: ifpdf 2016/05/14 v3.1 Provides the ifpdf switch
Package: etexcmds 2016/05/16 v1.6 Avoid name clashes with e-TeX commands (HO)
Package etexcmds Info: Could not find \expanded.
(etexcmds)             That can mean that you are not using pdfTeX 1.50 or
(etexcmds)             that some package has redefined \expanded.
(etexcmds)             In the latter case, load this package earlier.
Package: kvsetkeys 2016/05/16 v1.17 Key value parser (HO)
Package: kvdefinekeys 2016/05/16 v1.4 Define keys (HO)
Package: pdftexcmds 2016/05/10 v0.21 Utility functions of pdfTeX for LuaTeX (HO)
Package pdftexcmds Info: LuaTeX not detected.
Package pdftexcmds Info: \pdf@primitive is available.
Package pdftexcmds Info: \pdf@ifprimitive is available.
Package pdftexcmds Info: \pdfdraftmode found.
Package: pdfescape 2016/05/16 v1.14 Implements pdfTeX's escape features (HO)
Package: bigintcalc 2016/05/16 v1.4 Expandable calculations on big integers (HO)
Package: bitset 2016/05/16 v1.2 Handle bit-vector datatype (HO)
Package: uniquecounter 2016/05/16 v1.3 Provide unlimited unique counter (HO)
)
Package hobsub Info: Skipping package `hobsub' (already loaded).
Package: letltxmacro 2016/05/16 v1.5 Let assignment for LaTeX macros (HO)
Package: hopatch 2016/05/16 v1.3 Wrapper for package hooks (HO)
Package: xcolor-patch 2016/05/16 xcolor patch
Package: atveryend 2016/05/16 v1.9 Hooks at the very end of document (HO)
Package: atbegshi 2016/05/16 v1.17 At begin shipout hook (HO)
Package: refcount 2016/05/16 v3.5 Data extraction from label references (HO)
Package: hycolor 2016/05/16 v1.8 Color options for hyperref/bookmark (HO)
) (/usr/local/texlive/2016/texmf-dist/tex/generic/ifxetex/ifxetex.sty
Package: ifxetex 2010/09/12 v0.6 Provides ifxetex conditional
) (/usr/local/texlive/2016/texmf-dist/tex/latex/oberdiek/auxhook.sty
Package: auxhook 2016/05/16 v1.4 Hooks for auxiliary files (HO)
) (/usr/local/texlive/2016/texmf-dist/tex/latex/oberdiek/kvoptions.sty
Package: kvoptions 2016/05/16 v3.12 Key value format for package options (HO)
)
\@linkdim=\dimen133
\Hy@linkcounter=\count119
\Hy@pagecounter=\count120
 (/usr/local/texlive/2016/texmf-dist/tex/latex/hyperref/pd1enc.def
File: pd1enc.def 2016/05/05 v6.83n Hyperref: PDFDocEncoding definition (HO)
)
\Hy@SavedSpaceFactor=\count121
 (/usr/local/texlive/2016/texmf-dist/tex/latex/latexconfig/hyperref.cfg
File: hyperref.cfg 2002/06/06 v1.2 hyperref configuration of TeXLive
)
Package hyperref Info: Option `bookmarks' set `false' on input line 4322.
Package hyperref Info: Option `pdfnewwindow' set `true' on input line 4322.
Package hyperref Info: Option `colorlinks' set `true' on input line 4322.
Package hyperref Info: Option `final' set `true' on input line 4322.
Package hyperref Info: Hyper figures OFF on input line 4446.
Package hyperref Info: Link nesting OFF on input line 4451.
Package hyperref Info: Hyper index ON on input line 4454.
Package hyperref Info: Plain pages OFF on input line 4461.
Package hyperref Info: Backreferencing OFF on input line 4466.
Package hyperref Info: Implicit mode ON; LaTeX internals redefined.
Package hyperref Info: Bookmarks OFF on input line 4697.
LaTeX Info: Redefining \href on input line 4955.
\c@Hy@tempcnt=\count122
LaTeX Info: Redefining \url on input line 5044.
\XeTeXLinkMargin=\dimen134
\Fld@menulength=\count123
\Field@Width=\dimen135
\Fld@charsize=\dimen136
Package hyperref Info: Hyper figures OFF on input line 6298.
Package hyperref Info: Link nesting OFF on input line 6303.
Package hyperref Info: Hyper index ON on input line 6306.
Package hyperref Info: backreferencing OFF on input line 6313.
Package hyperref Info: Link coloring ON on input line 6316.
Package hyperref Info: Link coloring with OCG OFF on input line 6323.
Package hyperref Info: PDF/A mode OFF on input line 6328.
LaTeX Info: Redefining \ref on input line 6368.
LaTeX Info: Redefining \pageref on input line 6372.
\Hy@abspage=\count124
\c@Item=\count125
\c@Hfootnote=\count126
)

Package hyperref Message: Driver (autodetected): hpdftex.

(/usr/local/texlive/2016/texmf-dist/tex/latex/hyperref/hpdftex.def
File: hpdftex.def 2016/05/05 v6.83n Hyperref driver for pdfTeX
\Fld@listcount=\count127
\c@bookmark@seq@number=\count128
 (/usr/local/texlive/2016/texmf-dist/tex/latex/oberdiek/rerunfilecheck.sty
Package: rerunfilecheck 2016/05/16 v1.8 Rerun checks for auxiliary files (HO)
Package uniquecounter Info: New unique counter `rerunfilecheck' on input line 282.
)
\Hy@SectionHShift=\skip52
)
\refchangenumber=\count129
\listchangenum=\count130
\currentpage=\count131
\c@multimedia=\count132
\reprintcolumnwidth=\dimen137
)
Class revtex4-1 Info: Patching array package. on input line 53.
Class revtex4-1 Info: Robustifying \LaTeX's \boldmath command on input line 53.
Class revtex4-1 Info: cite was not loaded (OK!) on input line 53.
Class revtex4-1 Info: mcite was not loaded (OK!) on input line 53.
Class revtex4-1 Info: multicol was not loaded (OK!) on input line 53.
 (/Users/SilvinW/repositories/JASA_Tromba/JASA_LaTexPackage/JASAtemplate.aux)
\openout1 = `JASAtemplate.aux'.

LaTeX Font Info:    Checking defaults for OML/cmm/m/it on input line 53.
LaTeX Font Info:    ... okay on input line 53.
LaTeX Font Info:    Checking defaults for T1/cmr/m/n on input line 53.
LaTeX Font Info:    ... okay on input line 53.
LaTeX Font Info:    Checking defaults for OT1/cmr/m/n on input line 53.
LaTeX Font Info:    ... okay on input line 53.
LaTeX Font Info:    Checking defaults for OMS/cmsy/m/n on input line 53.
LaTeX Font Info:    ... okay on input line 53.
LaTeX Font Info:    Checking defaults for OMX/cmex/m/n on input line 53.
LaTeX Font Info:    ... okay on input line 53.
LaTeX Font Info:    Checking defaults for U/cmr/m/n on input line 53.
LaTeX Font Info:    ... okay on input line 53.
LaTeX Font Info:    Checking defaults for PD1/pdf/m/n on input line 53.
LaTeX Font Info:    ... okay on input line 53.
 (/usr/local/texlive/2016/texmf-dist/tex/context/base/mkii/supp-pdf.mkii
[Loading MPS to PDF converter (version 2006.09.02).]
\scratchcounter=\count133
\scratchdimen=\dimen138
\scratchbox=\box49
\nofMPsegments=\count134
\nofMParguments=\count135
\everyMPshowfont=\toks28
\MPscratchCnt=\count136
\MPscratchDim=\dimen139
\MPnumerator=\count137
\makeMPintoPDFobject=\count138
\everyMPtoPDFconversion=\toks29
) (/usr/local/texlive/2016/texmf-dist/tex/latex/oberdiek/epstopdf-base.sty
Package: epstopdf-base 2016/05/15 v2.6 Base part for package epstopdf
 (/usr/local/texlive/2016/texmf-dist/tex/latex/oberdiek/grfext.sty
Package: grfext 2016/05/16 v1.2 Manage graphics extensions (HO)
)
Package grfext Info: Graphics extension search list:
(grfext)             [.png,.pdf,.jpg,.mps,.jpeg,.jbig2,.jb2,.PNG,.PDF,.JPG,.JPEG,.JBIG2,.JB2,.eps]
(grfext)             \AppendGraphicsExtensions on input line 456.
 (/usr/local/texlive/2016/texmf-dist/tex/latex/latexconfig/epstopdf-sys.cfg
File: epstopdf-sys.cfg 2010/07/13 v1.3 Configuration of (r)epstopdf for TeX Live
))
\AtBeginShipoutBox=\box50
Package hyperref Info: Link coloring ON on input line 53.
 (/usr/local/texlive/2016/texmf-dist/tex/latex/hyperref/nameref.sty
Package: nameref 2012/10/27 v2.43 Cross-referencing by name of section
 (/usr/local/texlive/2016/texmf-dist/tex/generic/oberdiek/gettitlestring.sty
Package: gettitlestring 2016/05/16 v1.5 Cleanup title references (HO)
)
\c@section@level=\count139
)
LaTeX Info: Redefining \ref on input line 53.
LaTeX Info: Redefining \pageref on input line 53.
LaTeX Info: Redefining \nameref on input line 53.
Class revtex4-1 Info: Overriding lineo.sty, restoring output routine, on input line 53.
Class revtex4-1 Info: Line numbering not turned on yet on input line 53.
\openout3 = `JASAtemplateNotes.bib'.

Class revtex4-1 Info: Overriding \@LN@LLerror on input line 53.
LaTeX Font Info:    Try loading font information for U+msa on input line 84.
 (/usr/local/texlive/2016/texmf-dist/tex/latex/amsfonts/umsa.fd
File: umsa.fd 2013/01/14 v3.01 AMS symbols A
)
LaTeX Font Info:    Try loading font information for U+msb on input line 84.
 (/usr/local/texlive/2016/texmf-dist/tex/latex/amsfonts/umsb.fd
File: umsb.fd 2013/01/14 v3.01 AMS symbols B
)
LaTeX Font Info:    Try loading font information for U+lasy on input line 84.
 (/usr/local/texlive/2016/texmf-dist/tex/latex/base/ulasy.fd
File: ulasy.fd 1998/08/17 v2.2e LaTeX symbol font definitions
)
LaTeX Font Info:    Try loading font information for OMS+cmr on input line 84.
 (/usr/local/texlive/2016/texmf-dist/tex/latex/base/omscmr.fd
File: omscmr.fd 2014/09/29 v2.5h Standard LaTeX font definitions
)
LaTeX Font Info:    Font shape `OMS/cmr/m/it' in size <10> not available
(Font)              Font shape `OMS/cmsy/m/n' tried instead on input line 84.
LaTeX Font Info:    Font shape `OMS/cmr/m/n' in size <10> not available
(Font)              Font shape `OMS/cmsy/m/n' tried instead on input line 84.


LaTeX Font Warning: Font shape `OT1/cmr/m/n' in size <9.5> not available
(Font)              size <9> substituted on input line 89.


LaTeX Font Warning: Font shape `OT1/cmr/bx/n' in size <9.5> not available
(Font)              size <9> substituted on input line 89.


LaTeX Font Warning: Font shape `OT1/cmss/bx/n' in size <9.5> not available
(Font)              size <9> substituted on input line 89.

<figsamp.jpg, id=10, 879.285pt x 616.3025pt>
File: figsamp.jpg Graphic file (type jpg)
 <use figsamp.jpg>
Package pdftex.def Info: figsamp.jpg used on input line 101.
(pdftex.def)             Requested size: 246.0pt x 172.42245pt.


LaTeX Font Warning: Font shape `OT1/cmss/bx/it' undefined
(Font)              using `OT1/cmss/bx/n' instead on input line 116.


LaTeX Font Warning: Font shape `OT1/cmss/m/it' in size <9> not available
(Font)              Font shape `OT1/cmss/m/sl' tried instead on input line 118.


LaTeX Warning: Reference `fig:FIG1' on page 1 undefined on input line 120.


Underfull \hbox (badness 1107) in paragraph at lines 118--121
 []\OT1/cmss/m/sl/9 a. Sam-ple para-graph.[] \OT1/cmr/m/n/10 Here is text fol-low-ing the
 []

LaTeX Font Info:    Calculating math sizes for size <9.5> on input line 124.

LaTeX Font Warning: Font shape `OML/cmm/b/it' in size <9.5> not available
(Font)              size <9> substituted on input line 124.


LaTeX Font Warning: Font shape `OMS/cmsy/b/n' in size <9.5> not available
(Font)              size <9> substituted on input line 124.

LaTeX Font Info:    Font shape `U/lasy/b/n' in size <9.5> not available
(Font)              Font shape `U/lasy/m/n' tried instead on input line 124.

LaTeX Font Warning: Font shape `U/lasy/m/n' in size <9.5> not available
(Font)              size <9> substituted on input line 124.

LaTeX Font Info:    Font shape `U/lasy/b/n' in size <6.64996> not available
(Font)              Font shape `U/lasy/m/n' tried instead on input line 124.
LaTeX Font Info:    Font shape `U/lasy/b/n' in size <4.75> not available
(Font)              Font shape `U/lasy/m/n' tried instead on input line 124.
LaTeX Font Info:    Try loading font information for U+euf on input line 134.
(/usr/local/texlive/2016/texmf-dist/tex/latex/amsfonts/ueuf.fd
File: ueuf.fd 2013/01/14 v3.01 Euler Fraktur
) [1{/usr/local/texlive/2016/texmf-var/fonts/map/pdftex/updmap/pdftex.map} </Users/SilvinW/repositories/JASA_Tromba/JASA_LaTexPackage/figsamp.jpg>]
Underfull \hbox (badness 10000) in paragraph at lines 202--207
[]\OT1/cmr/m/n/10 Tables gen-er-ally should be sur-rounded with
 []

[2]
Underfull \hbox (badness 10000) in paragraph at lines 297--297
 []\OT1/cmss/bx/it/10 2. Us-ing the \OT1/cmtt/m/n/10 \adjustbox{}
 []


Underfull \hbox (badness 2057) in paragraph at lines 298--303
\OT1/cmr/m/n/10 or you want to have the ta-ble be the width of
 []


Overfull \hbox (29.7754pt too wide) in paragraph at lines 298--303
[]\OT1/cmtt/m/n/10 \begin{adjustbox}{<width>} (tabular) \end{adjustbox}\OT1/cmr/m/n/10 .
 []


Overfull \hbox (84.74712pt too wide) in paragraph at lines 304--308
[]\OT1/cmtt/m/n/10 \begin{adjustbox}{max width=\textwidth}(tabular)\end{adjustbox} 
 []


Overfull \hbox (63.7473pt too wide) in paragraph at lines 309--313
[]\OT1/cmtt/m/n/10 \begin{adjustbox}{width=\textwidth}(tabular)\end{adjustbox} 
 []


Class revtex4-1 Warning: Float cannot be placed.

[3] [4]
Underfull \hbox (badness 10000) in paragraph at lines 348--359
\OT1/cmtt/m/n/10 csc . warwick . ac . uk / mirrors / CTAN / macros / latex /
 []


Underfull \hbox (badness 10000) in paragraph at lines 348--359
\OT1/cmtt/m/n/10 / / www . tug . org / pracjourn / 2007-[]1 / mori / mori . pdf$[][][][]\OT1/cmr/m/n/10 ,
 []


Overfull \hbox (32.24757pt too wide) in paragraph at lines 389--389
[]\OT1/cmtt/m/n/10 Expression           & \multicolumn {1}{c}{ Value }\\[] 
 []


Overfull \hbox (42.74748pt too wide) in paragraph at lines 389--389
[]\OT1/cmtt/m/n/10 $\pi$                  &      3,1416                 \\[] 
 []


Overfull \hbox (42.74748pt too wide) in paragraph at lines 389--389
[]\OT1/cmtt/m/n/10 $\pi^{\pi}$           &     36,46                    \\[] 
 []


Overfull \hbox (37.49753pt too wide) in paragraph at lines 389--389
[]\OT1/cmtt/m/n/10 $\pi^{\pi^{\pi}}$    & 80662,7                      \\[] 
 []

[5]
File: figsamp.jpg Graphic file (type jpg)
 <use figsamp.jpg>
Package pdftex.def Info: figsamp.jpg used on input line 454.
(pdftex.def)             Requested size: 113.81102pt x 79.76479pt.
File: figsamp.jpg Graphic file (type jpg)
 <use figsamp.jpg>
Package pdftex.def Info: figsamp.jpg used on input line 454.
(pdftex.def)             Requested size: 113.81102pt x 79.76479pt.

Underfull \hbox (badness 10000) detected at line 454
 $[]$   $[]$ 
 []

File: figsamp.jpg Graphic file (type jpg)
<use figsamp.jpg>
Package pdftex.def Info: figsamp.jpg used on input line 456.
(pdftex.def)             Requested size: 113.81102pt x 79.76479pt.
File: figsamp.jpg Graphic file (type jpg)
 <use figsamp.jpg>
Package pdftex.def Info: figsamp.jpg used on input line 456.
(pdftex.def)             Requested size: 113.81102pt x 79.76479pt.

Underfull \hbox (badness 10000) detected at line 456
 $[]$   $[]$ 
 []

File: figsamp.jpg Graphic file (type jpg)
<use figsamp.jpg>
Package pdftex.def Info: figsamp.jpg used on input line 457.
(pdftex.def)             Requested size: 113.81102pt x 79.76479pt.

Underfull \hbox (badness 10000) detected at line 457
 $[]$ 
 []

File: figsamp.jpg Graphic file (type jpg)
<use figsamp.jpg>
Package pdftex.def Info: figsamp.jpg used on input line 471.
(pdftex.def)             Requested size: 144.54pt x 101.30936pt.
File: figsamp.jpg Graphic file (type jpg)
 <use figsamp.jpg>
Package pdftex.def Info: figsamp.jpg used on input line 473.
(pdftex.def)             Requested size: 144.54pt x 101.30936pt.
File: figsamp.jpg Graphic file (type jpg)
 <use figsamp.jpg>
Package pdftex.def Info: figsamp.jpg used on input line 473.
(pdftex.def)             Requested size: 144.54pt x 101.30936pt.
File: figsamp.jpg Graphic file (type jpg)
 <use figsamp.jpg>
Package pdftex.def Info: figsamp.jpg used on input line 477.
(pdftex.def)             Requested size: 144.54pt x 101.30936pt.
File: figsamp.jpg Graphic file (type jpg)
 <use figsamp.jpg>
Package pdftex.def Info: figsamp.jpg used on input line 477.
(pdftex.def)             Requested size: 144.54pt x 101.30936pt.
File: figsamp.jpg Graphic file (type jpg)
 <use figsamp.jpg>
Package pdftex.def Info: figsamp.jpg used on input line 500.
(pdftex.def)             Requested size: 229.49844pt x 160.85553pt.
File: figsamp.jpg Graphic file (type jpg)
 <use figsamp.jpg>
Package pdftex.def Info: figsamp.jpg used on input line 500.
(pdftex.def)             Requested size: 229.49844pt x 160.85553pt.

Overfull \hbox (2.05554pt too wide) detected at line 500
[] []
 []

File: figsamp.jpg Graphic file (type jpg)
<use figsamp.jpg>
Package pdftex.def Info: figsamp.jpg used on input line 513.
(pdftex.def)             Requested size: 356.99844pt x 250.2218pt.
File: figsamp.jpg Graphic file (type jpg)
 <use figsamp.jpg>
Package pdftex.def Info: figsamp.jpg used on input line 532.
(pdftex.def)             Requested size: 101.99844pt x 71.48926pt.
File: figsamp.jpg Graphic file (type jpg)
 <use figsamp.jpg>
Package pdftex.def Info: figsamp.jpg used on input line 532.
(pdftex.def)             Requested size: 101.99844pt x 71.48926pt.
File: figsamp.jpg Graphic file (type jpg)
 <use figsamp.jpg>
Package pdftex.def Info: figsamp.jpg used on input line 532.
(pdftex.def)             Requested size: 101.99844pt x 71.48926pt.
File: figsamp.jpg Graphic file (type jpg)
 <use figsamp.jpg>
Package pdftex.def Info: figsamp.jpg used on input line 556.
(pdftex.def)             Requested size: 356.99844pt x 250.2218pt.
 [6] [7]

LaTeX Warning: A float is stuck (cannot be placed) on input line 559.


Class revtex4-1 Warning: Deferred float stuck during \clearpage processing.

[8]

LaTeX Warning: A float is stuck (cannot be placed) on input line 559.


Class revtex4-1 Warning: Deferred float stuck during \clearpage processing.

[9]

LaTeX Warning: A float is stuck (cannot be placed) on input line 559.


Class revtex4-1 Warning: Deferred float stuck during \clearpage processing.

[10]
File: figsamp.jpg Graphic file (type jpg)
 <use figsamp.jpg>
Package pdftex.def Info: figsamp.jpg used on input line 574.
(pdftex.def)             Requested size: 101.99844pt x 71.48926pt.
File: figsamp.jpg Graphic file (type jpg)
 <use figsamp.jpg>
Package pdftex.def Info: figsamp.jpg used on input line 574.
(pdftex.def)             Requested size: 101.99844pt x 71.48926pt.
File: figsamp.jpg Graphic file (type jpg)
 <use figsamp.jpg>
Package pdftex.def Info: figsamp.jpg used on input line 574.
(pdftex.def)             Requested size: 101.99844pt x 71.48926pt.

Underfull \hbox (badness 10000) in paragraph at lines 628--631
 []\OT1/cmr/m/n/10 Supplementary Mul-ti-me-dia files: Supp-
 []


Underfull \hbox (badness 2443) in paragraph at lines 633--635
 []\OT1/cmr/m/n/10 Multimedia files must be named ac-cord-ingly:
 []

[11]
File: figsamp.jpg Graphic file (type jpg)
 <use figsamp.jpg>
Package pdftex.def Info: figsamp.jpg used on input line 723.
(pdftex.def)             Requested size: 72.26999pt x 50.64998pt.

Underfull \hbox (badness 1406) in paragraph at lines 761--761
[]\OT1/cmss/bx/n/9 MAKING THE BIB-LI-OG-RA-PHY US-ING
 []


Underfull \hbox (badness 3803) in paragraph at lines 767--774
[]\OT1/cmr/m/n/10 A re-source for mak-ing your bib-li-og-ra-phy en-
 []


Underfull \hbox (badness 1242) in paragraph at lines 767--774
\OT1/cmr/m/n/10 tries cor-rectly is in-cluded in this pack-age: JASA-
 []


Underfull \hbox (badness 1629) in paragraph at lines 796--802
 \OT1/cmr/m/it/10 Once you have used Bib-TeX you should 
 []


Underfull \hbox (badness 1867) in paragraph at lines 796--802
 \OT1/cmr/m/it/10 open the re-sult-ing .bbl file and cut and 
 []


Underfull \hbox (badness 1509) in paragraph at lines 796--802
 \OT1/cmr/m/it/10 your ar-ti-cle. You should also com-ment 
 []

[12]
Underfull \hbox (badness 10000) in paragraph at lines 808--813
[]\OT1/cmtt/m/n/10 \documentclass[preprint,NumberedRefs]{JASAnew}
 []


Underfull \hbox (badness 10000) in paragraph at lines 808--813

 []

(/Users/SilvinW/repositories/JASA_Tromba/JASA_LaTexPackage/JASAtemplate.bbl) [13]
Package atveryend Info: Empty hook `AfterLastShipout' on input line 817.
 (/Users/SilvinW/repositories/JASA_Tromba/JASA_LaTexPackage/JASAtemplate.aux)
Package atveryend Info: Executing hook `AtVeryEndDocument' on input line 817.
Package atveryend Info: Empty hook `AtEndAfterFileList' on input line 817.


LaTeX Font Warning: Size substitutions with differences
(Font)              up to 0.5pt have occured.


LaTeX Font Warning: Some font shapes were not available, defaults substituted.


LaTeX Warning: There were undefined references.

 ) 
Here is how much of TeX's memory you used:
 9728 strings out of 493014
 137990 string characters out of 6133351
 247609 words of memory out of 5000000
 13009 multiletter control sequences out of 15000+600000
 24148 words of font info for 95 fonts, out of 8000000 for 9000
 1141 hyphenation exceptions out of 8191
 40i,12n,37p,523b,399s stack positions out of 5000i,500n,10000p,200000b,80000s
</usr/local/texlive/2016/texmf-dist/fonts/type1/public/amsfonts/cm/cmbx10.pfb></usr/local/texlive/2016/texmf-dist/fonts/type1/public/amsfonts/cm/cmbx12.pfb></usr/local/texlive/2016/texmf-dist/fonts/type1/public/amsfonts/cm/cmbx8.pfb></usr/local/texlive/2016/texmf-dist/fonts/type1/public/amsfonts/cm/cmbx9.pfb></usr/local/texlive/2016/texmf-dist/fonts/type1/public/amsfonts/cm/cmbxti10.pfb></usr/local/texlive/2016/texmf-dist/fonts/type1/public/amsfonts/cm/cmcsc10.pfb></usr/local/texlive/2016/texmf-dist/fonts/type1/public/amsfonts/cm/cmex10.pfb></usr/local/texlive/2016/texmf-dist/fonts/type1/public/amsfonts/cmextra/cmex9.pfb></usr/local/texlive/2016/texmf-dist/fonts/type1/public/amsfonts/cm/cmmi10.pfb></usr/local/texlive/2016/texmf-dist/fonts/type1/public/amsfonts/cm/cmmi5.pfb></usr/local/texlive/2016/texmf-dist/fonts/type1/public/amsfonts/cm/cmmi6.pfb></usr/local/texlive/2016/texmf-dist/fonts/type1/public/amsfonts/cm/cmmi7.pfb></usr/local/texlive/2016/texmf-dist/fonts/type1/public/amsfonts/cm/cmmi9.pfb></usr/local/texlive/2016/texmf-dist/fonts/type1/public/amsfonts/cm/cmmib10.pfb></usr/local/texlive/2016/texmf-dist/fonts/type1/public/amsfonts/cmextra/cmmib9.pfb></usr/local/texlive/2016/texmf-dist/fonts/type1/public/amsfonts/cm/cmr10.pfb></usr/local/texlive/2016/texmf-dist/fonts/type1/public/amsfonts/cm/cmr6.pfb></usr/local/texlive/2016/texmf-dist/fonts/type1/public/amsfonts/cm/cmr7.pfb></usr/local/texlive/2016/texmf-dist/fonts/type1/public/amsfonts/cm/cmr8.pfb></usr/local/texlive/2016/texmf-dist/fonts/type1/public/amsfonts/cm/cmr9.pfb></usr/local/texlive/2016/texmf-dist/fonts/type1/public/amsfonts/cm/cmss10.pfb></usr/local/texlive/2016/texmf-dist/fonts/type1/public/amsfonts/cm/cmss8.pfb></usr/local/texlive/2016/texmf-dist/fonts/type1/public/amsfonts/cm/cmssbx10.pfb></usr/local/texlive/2016/texmf-dist/fonts/type1/public/amsfonts/cm/cmssi9.pfb></usr/local/texlive/2016/texmf-dist/fonts/type1/public/amsfonts/cm/cmsy10.pfb></usr/local/texlive/2016/texmf-dist/fonts/type1/public/amsfonts/cm/cmsy7.pfb></usr/local/texlive/2016/texmf-dist/fonts/type1/public/amsfonts/cm/cmsy9.pfb></usr/local/texlive/2016/texmf-dist/fonts/type1/public/amsfonts/cm/cmti10.pfb></usr/local/texlive/2016/texmf-dist/fonts/type1/public/amsfonts/cm/cmti8.pfb></usr/local/texlive/2016/texmf-dist/fonts/type1/public/amsfonts/cm/cmti9.pfb></usr/local/texlive/2016/texmf-dist/fonts/type1/public/amsfonts/cm/cmtt10.pfb></usr/local/texlive/2016/texmf-dist/fonts/type1/public/amsfonts/cm/cmtt8.pfb></usr/local/texlive/2016/texmf-dist/fonts/type1/public/amsfonts/cm/cmtt9.pfb></usr/local/texlive/2016/texmf-dist/fonts/type1/public/amsfonts/euler/eufm10.pfb></usr/local/texlive/2016/texmf-dist/fonts/type1/public/amsfonts/symbols/msam10.pfb></usr/local/texlive/2016/texmf-dist/fonts/type1/public/amsfonts/symbols/msbm10.pfb>
Output written on /Users/SilvinW/repositories/JASA_Tromba/JASA_LaTexPackage/JASAtemplate.pdf (13 pages, 434500 bytes).
PDF statistics:
 339 PDF objects out of 1000 (max. 8388607)
 283 compressed objects within 3 object streams
 79 named destinations out of 1000 (max. 500000)
 6 words of extra memory for PDF output out of 10000 (max. 10000000)

